09:33:21.355 [main] INFO  c.l.s.LocalDateUtilTest - [stringToLocalDateTest,28] - 2023-01-01
09:35:43.667 [main] INFO  c.l.s.LocalDateUtilTest - [stringToLocalDateTest,28] - 2023-01-01
09:37:42.704 [main] INFO  c.l.c.u.LocalDateUtil - [stringToLocalDate,33] - yyyy/M/d
09:37:42.710 [main] INFO  c.l.s.LocalDateUtilTest - [stringToLocalDateTest,28] - 2023-01-01
09:52:06.292 [main] INFO  c.l.s.LocalDateUtilTest - [stringToLocalDateTest,28] - 2023-01-01
09:54:15.332 [main] INFO  c.l.s.LocalDateUtilTest - [stringToLocalDateTimeTest,40] - 2023-01-01T00:00
09:55:33.636 [main] INFO  c.l.s.LocalDateUtilTest - [stringToLocalDateTimeTest,40] - 2023-01-01T00:00
09:56:20.519 [main] INFO  c.l.s.LocalDateUtilTest - [stringToLocalDateTimeTest,40] - 2023-01-01T00:00
09:57:52.362 [main] INFO  c.l.s.LocalDateUtilTest - [localDateToStringTest,53] - 2023-03-01
10:02:25.593 [main] INFO  c.l.s.LocalDateUtilTest - [localDateTimeToStringTest,64] - 2023-03-01
10:02:43.210 [main] INFO  c.l.s.LocalDateUtilTest - [localDateTimeToStringTest,64] - 2023-03-01 10:02:43
10:02:51.474 [main] INFO  c.l.s.LocalDateUtilTest - [localDateTimeToStringTest,64] - 2023-03-01 10:02:472
10:03:02.681 [main] INFO  c.l.s.LocalDateUtilTest - [localDateTimeToStringTest,64] - 2023-03-01 10:03:02
10:03:13.897 [main] INFO  c.l.s.LocalDateUtilTest - [localDateTimeToStringTest,64] - 2023-03-01 10:03:13.894
10:04:10.034 [main] INFO  c.l.s.LocalDateUtilTest - [stringToLocalDateTimeTest,41] - 2023-01-01T00:00
10:04:27.611 [main] INFO  c.l.s.LocalDateUtilTest - [stringToLocalDateTimeTest,41] - 2023-01-01T00:00
10:04:38.573 [main] INFO  c.l.s.LocalDateUtilTest - [stringToLocalDateTimeTest,41] - 2023-01-01T12:00
10:04:46.879 [main] INFO  c.l.s.LocalDateUtilTest - [stringToLocalDateTimeTest,41] - 2023-01-01T12:00:01
10:05:02.893 [main] INFO  c.l.s.LocalDateUtilTest - [stringToLocalDateTimeTest,41] - 2023-01-01T12:00:01
10:05:17.684 [main] INFO  c.l.s.LocalDateUtilTest - [stringToLocalDateTimeTest,41] - 2023-01-01T12:00:01
10:05:49.128 [main] INFO  c.l.s.LocalDateUtilTest - [stringToLocalDateTest,27] - 2023-01-01
10:06:31.272 [main] INFO  c.l.s.LocalDateUtilTest - [stringToLocalDateTimeTest,39] - 2023-01-01
10:06:31.277 [main] INFO  c.l.s.LocalDateUtilTest - [stringToLocalDateTimeTest,42] - 2023-01-01T12:00:01
10:57:32.030 [main] INFO  c.l.s.JwtUtilTest - [createTokenTest,31] - eyJ0eXAiOiJKV1QiLCJhbGciOiJIUzI1NiJ9.eyJzdWIiOm51bGwsIm5hbWUiOiLmsZ_muZbmtarlrZAiLCJleHAiOjE2Nzc2NDEyNTEsInRva2VuIjoxMjN9.K5DDREDWvKpFAYC8eEdfOhjsisLVkcYgB4hWYQemEm4
10:58:31.939 [main] INFO  c.l.s.JwtUtilTest - [createTokenTest,30] - eyJ0eXAiOiJKV1QiLCJhbGciOiJIUzI1NiJ9.eyJzdWIiOm51bGwsIm5hbWUiOiLmsZ_muZbmtarlrZAiLCJleHAiOjE2Nzc2NDEzMTEsInRva2VuIjoxMjN9.mlTzjFJl_Ppu0c-l5_SoRWhTheULRfD5Y2tJJ8h5C_w
10:58:31.962 [main] INFO  c.l.s.JwtUtilTest - [createTokenTest,33] - name : eyJzdWIiOm51bGwsIm5hbWUiOiLmsZ_muZbmtarlrZAiLCJleHAiOjE2Nzc2NDEzMTEsInRva2VuIjoxMjN9
11:00:31.674 [main] INFO  c.l.s.JwtUtilTest - [createTokenTest,31] - eyJ0eXAiOiJKV1QiLCJhbGciOiJIUzI1NiJ9.eyJzdWIiOm51bGwsIm5hbWUiOiLmsZ_muZbmtarlrZAiLCJleHAiOjE2Nzc2NDE0MzEsInRva2VuIjoxMjN9.54N9SMXsJyrjqFooNOkb2TwxNlXRn3HtOLf0jxxenA8
11:01:19.063 [main] INFO  c.l.s.JwtUtilTest - [createTokenTest,31] - eyJ0eXAiOiJKV1QiLCJhbGciOiJIUzI1NiJ9.eyJzdWIiOm51bGwsIm5hbWUiOiLmsZ_muZbmtarlrZAiLCJleHAiOjE2Nzc2NDE0NzksInRva2VuIjoxMjN9.5UDbaUOID34y_HGvoLZYO9llCqg1wxthrmjiA_c6Eok
11:02:16.272 [main] INFO  c.l.s.JwtUtilTest - [createTokenTest,32] - eyJ0eXAiOiJKV1QiLCJhbGciOiJIUzI1NiJ9.eyJzdWIiOm51bGwsIm5hbWUiOiLmsZ_muZbmtarlrZAiLCJleHAiOjE2Nzc2NDE1MzYsInRva2VuIjoxMjN9.99ZCTqwicHbGLZgMfUgrtJX-akYSNJgY6vUJyp7UW8M
11:04:39.041 [main] INFO  c.l.s.JwtUtilTest - [createTokenTest,31] - eyJ0eXAiOiJKV1QiLCJhbGciOiJIUzI1NiJ9.eyJzdWIiOm51bGwsIm5hbWUiOiLmsZ_muZbmtarlrZAiLCJleHAiOjE2Nzc2NDE2NzgsInRva2VuIjoxMjN9.tQCZhXSfNSMrNxjsv4SMWjrSbitUNQ42q9ANELFOwn0
11:04:39.063 [main] INFO  c.l.s.JwtUtilTest - [createTokenTest,35] - name : {"sub":null,"name":"江湖浪子","exp":1677641678,"token":123}
11:05:58.664 [main] INFO  c.l.s.JwtUtilTest - [createTokenTest,32] - eyJ0eXAiOiJKV1QiLCJhbGciOiJIUzI1NiJ9.eyJzdWIiOm51bGwsIm5hbWUiOiLmsZ_muZbmtarlrZAiLCJleHAiOjE2Nzc2NDE3NTgsInRva2VuIjoxMjN9.UsYsHH5RqOMJFhvd3TqGWsEJ2MItpfSFmu6tt1OV-bw
11:05:58.683 [main] INFO  c.l.s.JwtUtilTest - [createTokenTest,36] - name : {"sub":null,"name":"江湖浪子","exp":1677641758,"token":123}
11:20:46.594 [main] INFO  c.l.s.JwtUtilTest - [createTokenTest,32] - eyJ0eXAiOiJKV1QiLCJhbGciOiJIUzI1NiJ9.eyJzdWIiOm51bGwsIm5hbWUiOiLmsZ_muZbmtarlrZAiLCJleHAiOjE2Nzc2NDI2NDYsInRva2VuIjoxMjN9.zVd0z6e_OGBGgRfTjz68isXPSAg_vKy1hrBtIUKiI3g
11:20:46.617 [main] INFO  c.l.s.JwtUtilTest - [createTokenTest,36] - name : {"sub":null,"name":"江湖浪子","exp":1677642646,"token":123}
11:21:23.266 [main] INFO  c.l.s.JwtUtilTest - [createTokenTest,32] - eyJ0eXAiOiJKV1QiLCJhbGciOiJIUzI1NiJ9.eyJzdWIiOm51bGwsIm5hbWUiOiLmsZ_muZbmtarlrZAiLCJleHAiOjE2Nzc2NDI2ODMsInRva2VuIjoxMjN9.y3ioIwwrll0ZyeE0vE85TS196UMBWE0-1sy7z4RuhX4
11:21:23.291 [main] INFO  c.l.s.JwtUtilTest - [createTokenTest,36] - name : {"sub":null,"name":"江湖浪子","exp":1677642683,"token":123}
11:21:33.349 [main] INFO  c.l.s.JwtUtilTest - [createTokenTest,32] - eyJ0eXAiOiJKV1QiLCJhbGciOiJIUzI1NiJ9.eyJzdWIiOm51bGwsIm5hbWUiOiLmsZ_muZbmtarlrZAiLCJleHAiOjE2Nzc2NDI2OTMsInRva2VuIjoxMjN9.-Ktu6BluEXKU8TcXD54IXm0JDa8-H2GVEZfezH4S028
11:21:33.372 [main] INFO  c.l.s.JwtUtilTest - [createTokenTest,36] - name : {"sub":null,"name":"江湖浪子","exp":1677642693,"token":123}
11:24:53.882 [main] INFO  c.l.s.JwtUtilTest - [createTokenTest,34] - eyJ0eXAiOiJKV1QiLCJhbGciOiJIUzI1NiJ9.eyJzdWIiOm51bGwsIm5hbWUiOiLmsZ_muZbmtarlrZAiLCJleHAiOjE2Nzc2NDI4OTMsInRva2VuIjoxMjN9.72zBPstK2CJryHdD2i6OZCOg8WBFcrp2D-frem25WaI
11:24:53.910 [main] INFO  c.l.s.JwtUtilTest - [createTokenTest,38] - name : {"sub":null,"name":"江湖浪子","exp":1677642893,"token":123}
11:25:19.910 [main] INFO  c.l.s.JwtUtilTest - [createTokenTest,34] - eyJ0eXAiOiJKV1QiLCJhbGciOiJIUzI1NiJ9.eyJzdWIiOm51bGwsIm5hbWUiOiLmsZ_muZbmtarlrZAiLCJleHAiOjE2Nzc2NDI5MTksInRva2VuIjoxMjN9.J-T3DA8R05lCcTmGc69pKxHRUvK-tVvqOyyp-vxKtxU
11:25:19.935 [main] INFO  c.l.s.JwtUtilTest - [createTokenTest,38] - name : {"sub":null,"name":"江湖浪子","exp":1677642919,"token":123}
12:10:28.507 [main] INFO  c.l.s.JwtUtilTest - [createTokenTest,35] - eyJ0eXAiOiJKV1QiLCJhbGciOiJIUzI1NiJ9.eyJzdWIiOm51bGwsIm5hbWUiOiLmsZ_muZbmtarlrZAiLCJleHAiOjE2Nzc2NDU2MjgsInRva2VuIjoxMjN9.UQbuF2bekzwklBouYXiD9EUEDy7T6PfEWcHYkyyqhTI
12:10:28.532 [main] INFO  c.l.s.JwtUtilTest - [createTokenTest,40] - name : {"sub":null,"name":"江湖浪子","exp":1677645628,"token":123}
12:11:26.201 [main] INFO  c.l.s.JwtUtilTest - [createTokenTest,35] - eyJ0eXAiOiJKV1QiLCJhbGciOiJIUzI1NiJ9.eyJzdWIiOm51bGwsIm5hbWUiOiLmsZ_muZbmtarlrZAiLCJleHAiOjE2Nzc2NDU2ODYsInRva2VuIjoxMjN9.sVpOd4cMHwOpJW3MFsWF_JWARGgX5BaXznkABLEhkq0
12:11:26.223 [main] INFO  c.l.s.JwtUtilTest - [createTokenTest,40] - name : {"sub":null,"name":"江湖浪子","exp":1677645686,"token":123}
12:11:51.445 [main] INFO  c.l.s.JwtUtilTest - [createTokenTest,35] - eyJ0eXAiOiJKV1QiLCJhbGciOiJIUzI1NiJ9.eyJzdWIiOm51bGwsIm5hbWUiOiLmsZ_muZbmtarlrZAiLCJleHAiOjE2Nzc2NDU3MTEsInRva2VuIjoxMjN9.e5q3vHRo9k3QSvKZuLHqmI0342WKCQw-jRhwWqsqI7c
12:11:51.466 [main] INFO  c.l.s.JwtUtilTest - [createTokenTest,40] - name : {"sub":null,"name":"江湖浪子","exp":1677645711,"token":123}
12:14:43.780 [main] INFO  c.l.s.JwtUtilTest - [createTokenTest,35] - eyJ0eXAiOiJKV1QiLCJhbGciOiJIUzI1NiJ9.eyJuYW1lIjoi5rGf5rmW5rWq5a2QIiwiZXhwIjoxNjc3NjQ1ODgzLCJ0b2tlbiI6MTIzfQ.CeZmAS7nrmL6h-j6OoI0btQkwnbVg7fPOQXfaIRnY2s
12:14:43.803 [main] INFO  c.l.s.JwtUtilTest - [createTokenTest,40] - name : {"name":"江湖浪子","exp":1677645883,"token":123}
12:16:12.442 [main] INFO  c.l.s.JwtUtilTest - [createTokenTest,37] - eyJ0eXAiOiJKV1QiLCJhbGciOiJIUzI1NiJ9.eyJuYW1lIjoi5rGf5rmW5rWq5a2QIiwiZXhwIjoxNjc3NjQ1OTcyLCJ0b2tlbiI6MTIzfQ.yT1Q5iEz794PP54E2EzPr8Ly8QXORmtvQRMpuH0JJak
12:16:12.445 [main] INFO  c.l.s.JwtUtilTest - [createTokenTest,42] - name : {"name":"江湖浪子","exp":1677645972,"token":123}
12:28:26.184 [main] INFO  c.l.s.JwtUtilTest - [createTokenTest,37] - eyJ0eXAiOiJKV1QiLCJhbGciOiJIUzI1NiJ9.eyJuYW1lIjoi5rGf5rmW5rWq5a2QIiwiZXhwIjoxNjc3NjQ2NzA2LCJ0b2tlbiI6MTIzfQ.TNVuhpbseR7U7KbpIvttgZdRZ_rQ-NFubv3n2rSR3a8
12:28:26.189 [main] INFO  c.l.s.JwtUtilTest - [createTokenTest,42] - name : {"name":"江湖浪子","exp":1677646706,"token":123}
12:31:07.837 [main] INFO  c.l.s.JwtUtilTest - [createTokenTest,37] - eyJ0eXAiOiJKV1QiLCJhbGciOiJIUzI1NiJ9.eyJuYW1lIjoi5rGf5rmW5rWq5a2QIiwiZXhwIjoxNjc3NjQ2ODY3LCJ0b2tlbiI6MTIzfQ.BO_3_9noTisXqlp8zXB1eb23g_K-exdz-NLctr8VfKg
12:31:07.841 [main] INFO  c.l.s.JwtUtilTest - [createTokenTest,42] - name : {"name":"江湖浪子","exp":1677646867,"token":123}
12:32:04.212 [main] INFO  c.l.s.JwtUtilTest - [createTokenTest,37] - eyJ0eXAiOiJKV1QiLCJhbGciOiJIUzI1NiJ9.eyJuYW1lIjoi5rGf5rmW5rWq5a2QIiwiZXhwIjoxNjc3NjQ2OTI0LCJ0b2tlbiI6MTIzfQ.-VdbsDQ70-P36JlQTibAa3PfzaOeY7sgax9swpNcgVs
12:32:04.216 [main] INFO  c.l.s.JwtUtilTest - [createTokenTest,42] - name : {"name":"江湖浪子","exp":1677646924,"token":123}
12:33:29.545 [main] INFO  c.l.s.JwtUtilTest - [createTokenTest,37] - eyJ0eXAiOiJKV1QiLCJhbGciOiJIUzI1NiJ9.eyJuYW1lIjoi5rGf5rmW5rWq5a2QIiwiZXhwIjoxNjc3NjQ3MDA5LCJ0b2tlbiI6MTIzfQ.JoJT4XTyvuKN-iFqrQz756146hplpkzbXbj4B7Df4-g
12:33:29.547 [main] INFO  c.l.s.JwtUtilTest - [createTokenTest,42] - name : {"name":"江湖浪子","exp":1677647009,"token":123}
12:33:49.479 [main] INFO  c.l.s.JwtUtilTest - [createTokenTest,37] - eyJ0eXAiOiJKV1QiLCJhbGciOiJIUzI1NiJ9.eyJuYW1lIjoi5rGf5rmW5rWq5a2QIiwiZXhwIjoxNjc3NjQ3MDI5LCJ0b2tlbiI6MTIzfQ.LWkxMDYzXowsU4LvcuAwgNN8GIME8YFIBIAWB6mwWPE
12:33:49.482 [main] INFO  c.l.s.JwtUtilTest - [createTokenTest,42] - name : {"name":"江湖浪子","exp":1677647029,"token":123}
12:34:22.404 [main] INFO  c.l.s.JwtUtilTest - [createTokenTest,37] - eyJ0eXAiOiJKV1QiLCJhbGciOiJIUzI1NiJ9.eyJuYW1lIjoi5rGf5rmW5rWq5a2QIiwiZXhwIjoxNjc3NjQ3MDYyLCJ0b2tlbiI6MTIzfQ.X5p1QCCBCGC8fVZNuf_CU8eFoQclgx0KLFem-qMh8QA
12:34:22.408 [main] INFO  c.l.s.JwtUtilTest - [createTokenTest,42] - name : {"name":"江湖浪子","exp":1677647062,"token":123}
12:36:38.579 [main] INFO  c.l.s.JwtUtilTest - [createTokenTest,37] - eyJ0eXAiOiJKV1QiLCJhbGciOiJIUzI1NiJ9.eyJuYW1lIjoi5rGf5rmW5rWq5a2QIiwiZXhwIjoxNjc3NjQ3MTk4LCJ0b2tlbiI6MTIzfQ.TMhH16QxACEEKk4FYa0PJjTNfutFEAzTEGvpdY0MCWc
12:36:38.583 [main] INFO  c.l.s.JwtUtilTest - [createTokenTest,42] - name : {"name":"江湖浪子","exp":1677647198,"token":123}
12:37:44.789 [main] INFO  c.l.s.JwtUtilTest - [createTokenTest,37] - eyJ0eXAiOiJKV1QiLCJhbGciOiJIUzI1NiJ9.eyJuYW1lIjoi5rGf5rmW5rWq5a2QIiwiZXhwIjoxNjc3NjQ3MjY0LCJ0b2tlbiI6MTIzfQ.s8hGea5XGn5wcoxxW8hTknmFGItLw8b8AKiC5n8ZzOc
12:37:44.792 [main] INFO  c.l.s.JwtUtilTest - [createTokenTest,42] - name : {"name":"江湖浪子","exp":1677647264,"token":123}
12:38:57.617 [main] INFO  c.l.s.JwtUtilTest - [createTokenTest,37] - eyJ0eXAiOiJKV1QiLCJhbGciOiJIUzI1NiJ9.eyJuYW1lIjoi5rGf5rmW5rWq5a2QIiwiZXhwIjoxNjc3NjQ3MzM3LCJ0b2tlbiI6MTIzfQ.3qpr-AQxd1IA-qenXiyZe5_HLABmo6QUpz7U0Z059oY
12:38:57.621 [main] INFO  c.l.s.JwtUtilTest - [createTokenTest,42] - name : {"name":"江湖浪子","exp":1677647337,"token":123}
12:40:52.884 [main] INFO  c.l.s.JwtUtilTest - [createTokenTest,38] - eyJ0eXAiOiJKV1QiLCJhbGciOiJIUzI1NiJ9.eyJuYW1lIjoi5rGf5rmW5rWq5a2QIiwiZXhwIjoxNjc3NjQ3NDUyLCJ0b2tlbiI6MTIzfQ.BvFA3wmbbmhCuolcdmqk2hqoSCoUMzzpQU1aS7wGE5A
12:40:52.887 [main] INFO  c.l.s.JwtUtilTest - [createTokenTest,43] - name : {"name":"江湖浪子","exp":1677647452,"token":123}
12:41:33.650 [main] INFO  c.l.s.JwtUtilTest - [createTokenTest,38] - eyJ0eXAiOiJKV1QiLCJhbGciOiJIUzI1NiJ9.eyJuYW1lIjoi5rGf5rmW5rWq5a2QIiwiZXhwIjoxNjc3NjQ3NDkzLCJ0b2tlbiI6MTIzfQ.eUmI60yUT1BfpiN9SSgMjY6OxFZNNtUFPFst0Mch-80
12:41:33.654 [main] INFO  c.l.s.JwtUtilTest - [createTokenTest,43] - name : {"name":"江湖浪子","exp":1677647493,"token":123}
12:45:37.505 [main] INFO  c.l.s.JwtUtilTest - [createTokenTest,38] - eyJ0eXAiOiJKV1QiLCJhbGciOiJIUzI1NiJ9.eyJuYW1lIjoi5rGf5rmW5rWq5a2QIiwiZXhwIjoxNjc3NjQ3NzM3LCJ0b2tlbiI6MTIzfQ.tJesbkyr1_NB5P6C21jLQyHpd8LPf1Svyldw2oBxQ6A
12:45:37.510 [main] INFO  c.l.s.JwtUtilTest - [createTokenTest,43] - name : {"name":"江湖浪子","exp":1677647737,"token":123}
12:47:20.038 [main] INFO  c.l.s.JwtUtilTest - [createTokenTest,38] - eyJuYW1lIjoi5rGf5p6rIiwidHlwIjoiSldUIiwiYWxnIjoiSFMyNTYifQ.eyJuYW1lIjoi5rGf5rmW5rWq5a2QIiwiZXhwIjoxNjc3NjQ3ODM5LCJ0b2tlbiI6MTIzfQ.aEIIMRuTB7f2PSR7Ko81328zjJxVXIK5hPi4tmvzlp0
12:47:20.043 [main] INFO  c.l.s.JwtUtilTest - [createTokenTest,43] - name : {"name":"江湖浪子","exp":1677647839,"token":123}
12:50:43.865 [main] INFO  c.l.s.JwtUtilTest - [createTokenTest,39] - eyJuYW1lIjoi5rGf5p6rIiwidHlwIjoiSldUIiwiYWxnIjoiSFMyNTYifQ.eyJuYW1lIjoi5rGf5rmW5rWq5a2QIiwiZXhwIjoxNjc3NjQ3ODM5LCJ0b2tlbiI6MTIzfQ.aEIIMRuTB7f2PSR7Ko81328zjJxVXIK5hPi4tmvzlp0
12:50:43.869 [main] INFO  c.l.s.JwtUtilTest - [createTokenTest,44] - name : {"name":"江湖浪子","exp":1677647839,"token":123}
12:51:22.210 [main] INFO  c.l.s.JwtUtilTest - [createTokenTest,38] - eyJuYW1lIjoi5rGf5p6rIiwidHlwIjoiSldUIiwiYWxnIjoiSFMyNTYifQ.eyJuYW1lIjoi5rGf5rmW5rWq5a2QIiwiZXhwIjoxNjc3NjQ3ODM5LCJ0b2tlbiI6MTIzfQ.aEIIMRuTB7f2PSR7Ko81328zjJxVXIK5hPi4tmvzlp0
12:51:22.213 [main] INFO  c.l.s.JwtUtilTest - [createTokenTest,43] - name : {"name":"江湖浪子","exp":1677647839,"token":123}
12:52:36.400 [main] INFO  c.l.s.JwtUtilTest - [createTokenTest,34] - eyJuYW1lIjoi5rGf5p6rIiwidHlwIjoiSldUIiwiYWxnIjoiSFMyNTYifQ.eyJuYW1lIjoi5rGf5rmW5rWq5a2QIiwiZXhwIjoxNjc3NjQ3ODM5LCJ0b2tlbiI6MTIzfQ.aEIIMRuTB7f2PSR7Ko81328zjJxVXIK5hPi4tmvzlp0
